<?xml version="1.0" encoding="UTF-8"?>
<!-- Generated by org.testng.reporters.JUnitXMLReporter -->
<testsuite ignored="0" hostname="liut44194" failures="1" tests="2" name="Test" time="15.907" errors="0" timestamp="2024-12-09T10:58:11 PST">
  <testcase classname="testCases.CT001_AccountRegistrationTest" name="testRegistration" time="4.484">
    <failure type="java.lang.AssertionError" message="expected [Your Account Has Been Created!！] but found [Your Account Has Been Created!]">
      <![CDATA[java.lang.AssertionError: expected [Your Account Has Been Created!！] but found [Your Account Has Been Created!]
at testCases.CT001_AccountRegistrationTest.testRegistration(CT001_AccountRegistrationTest.java:56)
at java.base/java.util.ArrayList.forEach(ArrayList.java:1597)
... Removed 35 stack frames]]>
    </failure>
  </testcase> <!-- testRegistration -->
  <testcase classname="testCases.CT002_LoginTest" name="testLogin" time="1.739"/>
</testsuite> <!-- Test -->
