<?xml version="1.0" encoding="UTF-8"?>
<!-- Generated by org.testng.reporters.JUnitXMLReporter -->
<testsuite ignored="0" hostname="liut44194" failures="1" tests="3" name="Test" time="38.723" errors="0" timestamp="2025-01-04T14:11:55 PST">
  <testcase classname="testCases.CT001_AccountRegistrationTest" name="testRegistration" time="4.373"/>
  <testcase classname="testCases.CT002_LoginTest" name="testLogin" time="11.2">
    <failure type="java.lang.AssertionError" message="Test case failed due to exception: element not interactable
  (Session info: MicrosoftEdge=131.0.2903.112)
Build info: version: &amp;apos;4.25.0&amp;apos;, revision: &amp;apos;8a8aea2337&amp;apos;
System info: os.name: &amp;apos;Windows 11&amp;apos;, os.arch: &amp;apos;amd64&amp;apos;, os.version: &amp;apos;10.0&amp;apos;, java.version: &amp;apos;22.0.2&amp;apos;
Driver info: org.openqa.selenium.edge.EdgeDriver
Command: [7905d0684e8bed86978d1ae1f75df9f3, clickElement {id=f.1D4CB4FE676A7BE09AF9240BDEFA24A3.d.5F3A357F02A090EA25BB656117E48B05.e.92}]
Capabilities {acceptInsecureCerts: false, browserName: MicrosoftEdge, browserVersion: 131.0.2903.112, fedcm:accounts: true, ms:edgeOptions: {debuggerAddress: localhost:61607}, msedge: {msedgedriverVersion: 131.0.2903.112 (16ab910a6e7..., userDataDir: C:\Users\liut4\AppData\Loca...}, networkConnectionEnabled: false, pageLoadStrategy: normal, platformName: windows, proxy: Proxy(), se:cdp: ws://localhost:61607/devtoo..., se:cdpVersion: 131.0.2903.112, setWindowRect: true, strictFileInteractability: false, timeouts: {implicit: 0, pageLoad: 300000, script: 30000}, unhandledPromptBehavior: dismiss and notify, webauthn:extension:credBlob: true, webauthn:extension:largeBlob: true, webauthn:extension:minPinLength: true, webauthn:extension:prf: true, webauthn:virtualAuthenticators: true}
Element: [[EdgeDriver: MicrosoftEdge on windows (7905d0684e8bed86978d1ae1f75df9f3)] -&amp;gt; xpath: //ul[@class=&amp;apos;dropdown-menu dropdown-menu-right&amp;apos;]//a[normalize-space()=&amp;apos;Login&amp;apos;]]
Session ID: 7905d0684e8bed86978d1ae1f75df9f3">
      <![CDATA[java.lang.AssertionError: Test case failed due to exception: element not interactable
  (Session info: MicrosoftEdge=131.0.2903.112)
Build info: version: '4.25.0', revision: '8a8aea2337'
System info: os.name: 'Windows 11', os.arch: 'amd64', os.version: '10.0', java.version: '22.0.2'
Driver info: org.openqa.selenium.edge.EdgeDriver
Command: [7905d0684e8bed86978d1ae1f75df9f3, clickElement {id=f.1D4CB4FE676A7BE09AF9240BDEFA24A3.d.5F3A357F02A090EA25BB656117E48B05.e.92}]
Capabilities {acceptInsecureCerts: false, browserName: MicrosoftEdge, browserVersion: 131.0.2903.112, fedcm:accounts: true, ms:edgeOptions: {debuggerAddress: localhost:61607}, msedge: {msedgedriverVersion: 131.0.2903.112 (16ab910a6e7..., userDataDir: C:\Users\liut4\AppData\Loca...}, networkConnectionEnabled: false, pageLoadStrategy: normal, platformName: windows, proxy: Proxy(), se:cdp: ws://localhost:61607/devtoo..., se:cdpVersion: 131.0.2903.112, setWindowRect: true, strictFileInteractability: false, timeouts: {implicit: 0, pageLoad: 300000, script: 30000}, unhandledPromptBehavior: dismiss and notify, webauthn:extension:credBlob: true, webauthn:extension:largeBlob: true, webauthn:extension:minPinLength: true, webauthn:extension:prf: true, webauthn:virtualAuthenticators: true}
Element: [[EdgeDriver: MicrosoftEdge on windows (7905d0684e8bed86978d1ae1f75df9f3)] -> xpath: //ul[@class='dropdown-menu dropdown-menu-right']//a[normalize-space()='Login']]
Session ID: 7905d0684e8bed86978d1ae1f75df9f3
at testCases.CT002_LoginTest.testLogin(CT002_LoginTest.java:35)
at java.base/java.util.ArrayList.forEach(ArrayList.java:1597)
... Removed 30 stack frames]]>
    </failure>
  </testcase> <!-- testLogin -->
  <testcase classname="testCases.CT004_DifferentWayNavigateToRegistrationPage" name="NavigateToRegistrationPage" time="2.3"/>
</testsuite> <!-- Test -->
