<?xml version="1.0" encoding="UTF-8"?>
<testng-results ignored="0" total="0" passed="0" failed="0" skipped="0">
  <reporter-output>
  </reporter-output>
  <suite started-at="2025-01-04T14:37:01 PST" name="Grouping Suite" finished-at="2025-01-04T14:37:03 PST" duration-ms="2115">
    <groups>
    </groups>
    <test started-at="2025-01-04T14:37:01 PST" name="Sanity Test" finished-at="2025-01-04T14:37:01 PST" duration-ms="219">
    </test> <!-- Sanity Test -->
    <test started-at="2025-01-04T14:37:03 PST" name="Regression Test" finished-at="2025-01-04T14:37:03 PST" duration-ms="0">
    </test> <!-- Regression Test -->
    <test started-at="2025-01-04T14:37:03 PST" name="Master Test" finished-at="2025-01-04T14:37:03 PST" duration-ms="1">
    </test> <!-- Master Test -->
  </suite> <!-- Grouping Suite -->
</testng-results>
