<?xml version="1.0" encoding="UTF-8"?>
<testng-results ignored="0" total="1" passed="1" failed="0" skipped="0">
  <reporter-output>
  </reporter-output>
  <suite started-at="2025-01-09T17:39:05 PST" name="Suite" finished-at="2025-01-09T17:39:13 PST" duration-ms="8455">
    <groups>
      <group name="Master">
        <method signature="TC_SF_001_SearchingExistingProductName.SearchingExistingProduct()[pri:0, instance:testCases.product.TC_SF_001_SearchingExistingProductName@16414e40]" name="SearchingExistingProduct" class="testCases.product.TC_SF_001_SearchingExistingProductName"/>
      </group> <!-- Master -->
      <group name="Regression">
        <method signature="TC_SF_001_SearchingExistingProductName.SearchingExistingProduct()[pri:0, instance:testCases.product.TC_SF_001_SearchingExistingProductName@16414e40]" name="SearchingExistingProduct" class="testCases.product.TC_SF_001_SearchingExistingProductName"/>
      </group> <!-- Regression -->
    </groups>
    <test started-at="2025-01-09T17:39:05 PST" name="Test" finished-at="2025-01-09T17:39:13 PST" duration-ms="8455">
      <class name="testCases.product.TC_SF_001_SearchingExistingProductName">
        <test-method is-config="true" signature="setUp(java.lang.String,java.lang.String)[pri:0, instance:testCases.product.TC_SF_001_SearchingExistingProductName@16414e40]" started-at="2025-01-09T17:39:05 PST" name="setUp" finished-at="2025-01-09T17:39:11 PST" duration-ms="5968" status="PASS">
          <params>
            <param index="0">
              <value>
                <![CDATA[windows]]>
              </value>
            </param>
            <param index="1">
              <value>
                <![CDATA[edge]]>
              </value>
            </param>
          </params>
          <reporter-output>
          </reporter-output>
        </test-method> <!-- setUp -->
        <test-method signature="SearchingExistingProduct()[pri:0, instance:testCases.product.TC_SF_001_SearchingExistingProductName@16414e40]" started-at="2025-01-09T17:39:11 PST" name="SearchingExistingProduct" description="Validate searching with an existing Product Name" finished-at="2025-01-09T17:39:12 PST" duration-ms="868" status="PASS">
          <reporter-output>
          </reporter-output>
        </test-method> <!-- SearchingExistingProduct -->
        <test-method is-config="true" signature="tearDown()[pri:0, instance:testCases.product.TC_SF_001_SearchingExistingProductName@16414e40]" started-at="2025-01-09T17:39:12 PST" name="tearDown" finished-at="2025-01-09T17:39:13 PST" duration-ms="1320" status="PASS">
          <reporter-output>
          </reporter-output>
        </test-method> <!-- tearDown -->
      </class> <!-- testCases.product.TC_SF_001_SearchingExistingProductName -->
    </test> <!-- Test -->
  </suite> <!-- Suite -->
</testng-results>
