<?xml version="1.0" encoding="UTF-8"?>
<testng-results ignored="0" total="1" passed="1" failed="0" skipped="0">
  <reporter-output>
  </reporter-output>
  <suite started-at="2025-01-04T16:54:55 PST" name="Suite" finished-at="2025-01-04T16:55:08 PST" duration-ms="12762">
    <groups>
      <group name="Master">
        <method signature="CT005_LoginWithInvalidCredentials.LoginWithInvalidCredentials()[pri:0, instance:testCases.CT005_LoginWithInvalidCredentials@78383390]" name="LoginWithInvalidCredentials" class="testCases.CT005_LoginWithInvalidCredentials"/>
      </group> <!-- Master -->
      <group name="Regression">
        <method signature="CT005_LoginWithInvalidCredentials.LoginWithInvalidCredentials()[pri:0, instance:testCases.CT005_LoginWithInvalidCredentials@78383390]" name="LoginWithInvalidCredentials" class="testCases.CT005_LoginWithInvalidCredentials"/>
      </group> <!-- Regression -->
    </groups>
    <test started-at="2025-01-04T16:54:55 PST" name="Test" finished-at="2025-01-04T16:55:08 PST" duration-ms="12762">
      <class name="testCases.CT005_LoginWithInvalidCredentials">
        <test-method is-config="true" signature="setUp(java.lang.String,java.lang.String)[pri:0, instance:testCases.CT005_LoginWithInvalidCredentials@78383390]" started-at="2025-01-04T16:54:55 PST" name="setUp" finished-at="2025-01-04T16:55:03 PST" duration-ms="8023" status="PASS">
          <params>
            <param index="0">
              <value>
                <![CDATA[windows]]>
              </value>
            </param>
            <param index="1">
              <value>
                <![CDATA[edge]]>
              </value>
            </param>
          </params>
          <reporter-output>
          </reporter-output>
        </test-method> <!-- setUp -->
        <test-method signature="LoginWithInvalidCredentials()[pri:0, instance:testCases.CT005_LoginWithInvalidCredentials@78383390]" started-at="2025-01-04T16:55:03 PST" name="LoginWithInvalidCredentials" description="Validate login into the Application using invalid credentials" finished-at="2025-01-04T16:55:06 PST" duration-ms="2981" status="PASS">
          <reporter-output>
          </reporter-output>
        </test-method> <!-- LoginWithInvalidCredentials -->
        <test-method is-config="true" signature="tearDown()[pri:0, instance:testCases.CT005_LoginWithInvalidCredentials@78383390]" started-at="2025-01-04T16:55:06 PST" name="tearDown" finished-at="2025-01-04T16:55:08 PST" duration-ms="1382" status="PASS">
          <reporter-output>
          </reporter-output>
        </test-method> <!-- tearDown -->
      </class> <!-- testCases.CT005_LoginWithInvalidCredentials -->
    </test> <!-- Test -->
  </suite> <!-- Suite -->
</testng-results>
